-------------------------------------------------------------------------------
Test set: Starter.CucumberTestSuite
-------------------------------------------------------------------------------
Tests run: 2, Failures: 0, Errors: 2, Skipped: 0, Time elapsed: 0.87 s <<< FAILURE! - in Starter.CucumberTestSuite
Register.Register scenario #1  Time elapsed: 0.261 s  <<< ERROR!
io.cucumber.core.runner.DuplicateStepDefinitionException: Duplicate step definitions in Starter.stepDefinitions.LoginSteps.iInputPassword(java.lang.String) and Starter.stepDefinitions.RegisterSteps.iInputPassword(java.lang.String)

Starter.CucumberTestSuite  Time elapsed: 0.87 s  <<< ERROR!
org.junit.runner.notification.StoppedByUserException

